Arguments: 
  C:\Program Files\nodejs\node.exe C:\Users\sdada\AppData\Roaming\npm\node_modules\yarn\bin\yarn.js

PATH: 
  C:\WINDOWS\system32;C:\WINDOWS;C:\WINDOWS\System32\Wbem;C:\WINDOWS\System32\WindowsPowerShell\v1.0\;C:\WINDOWS\System32\OpenSSH\;C:\Program Files\Git\cmd;C:\ProgramData\chocolatey\bin;C:\ProgramData\nvm;C:\Program Files\nodejs;C:\Ruby31-x64\bin;C:\Users\sdada\AppData\Local\Microsoft\WindowsApps;C:\Users\sdada\AppData\Local\Programs\Microsoft VS Code\bin;C:\Users\sdada\AppData\Roaming\npm;C:\ProgramData\nvm;C:\Program Files\nodejs

Yarn version: 
  1.22.19

Node version: 
  18.14.2

Platform: 
  win32 x64

Trace: 
  SyntaxError: C:\Users\sdada\OneDrive\바탕 화면\react-ssr\package.json: Unexpected token } in JSON at position 712
      at JSON.parse (<anonymous>)
      at C:\Users\sdada\AppData\Roaming\npm\node_modules\yarn\lib\cli.js:1629:59
      at Generator.next (<anonymous>)
      at step (C:\Users\sdada\AppData\Roaming\npm\node_modules\yarn\lib\cli.js:310:30)
      at C:\Users\sdada\AppData\Roaming\npm\node_modules\yarn\lib\cli.js:321:13

npm manifest: 
  {
    "name": "react-ssr",
    "description": "A React server-side rendering (SSR) sample project.",
    "version": "1.0.0",
    "scripts": {
      "start": "NODE_ENV=development webpack serve",
      "build": "NODE_ENV=production webpack",
      "start:ssr": "node server"
    },
    "dependencies": {
      "axios": "^0.21.0",
      "react": "^17.0.1",
      "react-dom": "^17.0.1"
    },
    "devDependencies": {
      "@babel/core": "^7.12.9",
      "@babel/plugin-proposal-class-properties": "^7.12.1",
      "@babel/plugin-proposal-object-rest-spread": "^7.12.1",
      "@babel/plugin-transform-arrow-functions": "^7.12.1",
      "@babel/plugin-transform-async-to-generator": "^7.12.1",
      "@babel/plugin-transform-runtime": "^7.12.1",
      
    }
  }

yarn manifest: 
  No manifest

Lockfile: 
  No lockfile
